生成启动时间为 2015/9/10 2:29:15。
     1>项目“F:\Study\Directx Study\Tutorial_2\Tutorial2\Tutorial2\Tutorial2.vcxproj”在节点 2 上(build 个目标)。
     1>InitializeBuildStatus:
         正在创建“Release\Tutorial2.unsuccessfulbuild”，因为已指定“AlwaysCreate”。
       ClCompile:
         F:\Program Files (x86)\Microsoft Visual Studio 10.0\VC\bin\CL.exe /c /Zi /nologo /W3 /WX- /O2 /Oi /Oy- /GL /D WIN32 /D NDEBUG /D _WINDOWS /D _UNICODE /D UNICODE /Gm- /EHsc /MD /GS /Gy /fp:precise /Zc:wchar_t /Zc:forScope /Fo"Release\\" /Fd"Release\vc100.pdb" /Gd /TP /analyze- /errorReport:prompt graphicsclass.cpp
         graphicsclass.cpp
       Link:
         F:\Program Files (x86)\Microsoft Visual Studio 10.0\VC\bin\link.exe /ERRORREPORT:PROMPT /OUT:"F:\Study\Directx Study\Tutorial_2\Tutorial2\Release\Tutorial2.exe" /INCREMENTAL:NO /NOLOGO kernel32.lib user32.lib gdi32.lib winspool.lib comdlg32.lib advapi32.lib shell32.lib ole32.lib oleaut32.lib uuid.lib odbc32.lib odbccp32.lib /MANIFEST /ManifestFile:"Release\Tutorial2.exe.intermediate.manifest" /MANIFESTUAC:"level='asInvoker' uiAccess='false'" /DEBUG /PDB:"F:\Study\Directx Study\Tutorial_2\Tutorial2\Release\Tutorial2.pdb" /SUBSYSTEM:WINDOWS /OPT:REF /OPT:ICF /LTCG /TLBID:1 /DYNAMICBASE /NXCOMPAT /IMPLIB:"F:\Study\Directx Study\Tutorial_2\Tutorial2\Release\Tutorial2.lib" /MACHINE:X86 Release\cameraclass.obj
         Release\colorshaderclass.obj
         Release\d3dclass.obj
         Release\graphicsclass.obj
         Release\inputclass.obj
         Release\lightclass.obj
         Release\lightshaderclass.obj
         Release\main.obj
         Release\modelclass.obj
         Release\systemclass.obj
         Release\Textureclass.obj
         Release\Textureshaderclass.obj
         正在生成代码
         已完成代码的生成
         Tutorial2.vcxproj -> F:\Study\Directx Study\Tutorial_2\Tutorial2\Release\Tutorial2.exe
       Manifest:
         C:\Program Files (x86)\Microsoft SDKs\Windows\v7.0A\bin\mt.exe /nologo /verbose /outputresource:"F:\Study\Directx Study\Tutorial_2\Tutorial2\Release\Tutorial2.exe;#1" /manifest Release\Tutorial2.exe.intermediate.manifest
       FinalizeBuildStatus:
         正在删除文件“Release\Tutorial2.unsuccessfulbuild”。
         正在对“Release\Tutorial2.lastbuildstate”执行 Touch 任务。
     1>已完成生成项目“F:\Study\Directx Study\Tutorial_2\Tutorial2\Tutorial2\Tutorial2.vcxproj”(build 个目标)的操作。

生成成功。

已用时间 00:00:01.39
