D:\PROGRAMMING\D11TUTORIAL\TUTORIAL2\RELEASE\TUTORIAL2.EXE
D:\PROGRAMMING\D11TUTORIAL\TUTORIAL2\RELEASE\TUTORIAL2.PDB
D:\PROGRAMMING\D11TUTORIAL\TUTORIAL2\TUTORIAL2\RELEASE\CAMERACLASS.OBJ
D:\Programming\D11Tutorial\Tutorial2\Tutorial2\Release\cl.command.1.tlog
D:\Programming\D11Tutorial\Tutorial2\Tutorial2\Release\CL.read.1.tlog
D:\Programming\D11Tutorial\Tutorial2\Tutorial2\Release\CL.write.1.tlog
D:\PROGRAMMING\D11TUTORIAL\TUTORIAL2\TUTORIAL2\RELEASE\COLORSHADERCLASS.OBJ
D:\PROGRAMMING\D11TUTORIAL\TUTORIAL2\TUTORIAL2\RELEASE\D3DCLASS.OBJ
D:\PROGRAMMING\D11TUTORIAL\TUTORIAL2\TUTORIAL2\RELEASE\FONTCLASS.OBJ
D:\PROGRAMMING\D11TUTORIAL\TUTORIAL2\TUTORIAL2\RELEASE\FONTSHADERCLASS.OBJ
D:\PROGRAMMING\D11TUTORIAL\TUTORIAL2\TUTORIAL2\RELEASE\GRAPHICSCLASS.OBJ
D:\PROGRAMMING\D11TUTORIAL\TUTORIAL2\TUTORIAL2\RELEASE\INPUTCLASS.OBJ
D:\PROGRAMMING\D11TUTORIAL\TUTORIAL2\TUTORIAL2\RELEASE\LIGHTCLASS.OBJ
D:\PROGRAMMING\D11TUTORIAL\TUTORIAL2\TUTORIAL2\RELEASE\LIGHTSHADERCLASS.OBJ
D:\Programming\D11Tutorial\Tutorial2\Tutorial2\Release\link.command.1.tlog
D:\Programming\D11Tutorial\Tutorial2\Tutorial2\Release\link.read.1.tlog
D:\Programming\D11Tutorial\Tutorial2\Tutorial2\Release\link.write.1.tlog
D:\PROGRAMMING\D11TUTORIAL\TUTORIAL2\TUTORIAL2\RELEASE\MAIN.OBJ
D:\PROGRAMMING\D11TUTORIAL\TUTORIAL2\TUTORIAL2\RELEASE\MODELCLASS.OBJ
D:\Programming\D11Tutorial\Tutorial2\Tutorial2\Release\mt.command.1.tlog
D:\Programming\D11Tutorial\Tutorial2\Tutorial2\Release\mt.read.1.tlog
D:\Programming\D11Tutorial\Tutorial2\Tutorial2\Release\mt.write.1.tlog
D:\PROGRAMMING\D11TUTORIAL\TUTORIAL2\TUTORIAL2\RELEASE\SYSTEMCLASS.OBJ
D:\PROGRAMMING\D11TUTORIAL\TUTORIAL2\TUTORIAL2\RELEASE\TEXTCLASS.OBJ
D:\PROGRAMMING\D11TUTORIAL\TUTORIAL2\TUTORIAL2\RELEASE\TEXTURECLASS.OBJ
D:\PROGRAMMING\D11TUTORIAL\TUTORIAL2\TUTORIAL2\RELEASE\TEXTURESHADERCLASS.OBJ
D:\PROGRAMMING\D11TUTORIAL\TUTORIAL2\TUTORIAL2\RELEASE\TUTORIAL2.EXE.INTERMEDIATE.MANIFEST
D:\Programming\D11Tutorial\Tutorial2\Tutorial2\Release\Tutorial2.vcxprojResolveAssemblyReference.cache
D:\Programming\D11Tutorial\Tutorial2\Tutorial2\Release\Tutorial2.write.1.tlog
D:\PROGRAMMING\D11TUTORIAL\TUTORIAL2\TUTORIAL2\RELEASE\VC100.PDB
